{"RecordId":3389,"EventId":1,"TimeCreated":"2026-09-08T16:35:30.818Z","Channel":"Microsoft-Windows-Sysmon/Operational","Computer":"WIN-01","Provider":"Microsoft-Windows-Sysmon","EventData":{"RuleName":"-","UtcTime":"2026-09-08 16:35:30.816","ProcessGuid":"{c1ae1b3a-3952-6aa0-7a03-000000000800}","ProcessId":"6896","Image":"C:\\Windows\\System32\\WindowsPowerShell\\v1.0\\powershell.exe","FileVersion":"10.0.26100.8875 (WinBuild.160101.0800)","Description":"Windows PowerShell","Product":"Microsoft® Windows® Operating System","Company":"Microsoft Corporation","OriginalFileName":"PowerShell.EXE","CommandLine":"\"C:\\WINDOWS\\System32\\WindowsPowerShell\\v1.0\\powershell.exe\" -NoProfile -NonInteractive -Command Get-Date | Out-Null ","CurrentDirectory":"C:\\Users\\labuser\\","User":"WIN-01\\labuser","LogonGuid":"{c1ae1b3a-0937-6aa0-05a6-060000000000}","LogonId":"0x6a605","TerminalSessionId":"1","IntegrityLevel":"High","Hashes":"SHA256=7600FFE12DA441FE89D035B13801E8E91D064BC544A27B19A5CF49F6AB8B18F5","ParentProcessGuid":"{c1ae1b3a-15a0-6aa0-1003-000000000800}","ParentProcessId":"5544","ParentImage":"C:\\Windows\\System32\\WindowsPowerShell\\v1.0\\powershell.exe","ParentCommandLine":"C:\\WINDOWS\\System32\\WindowsPowerShell\\v1.0\\powershell.exe","ParentUser":"WIN-01\\labuser"}}
{"RecordId":3390,"EventId":1,"TimeCreated":"2026-09-08T16:35:30.846Z","Channel":"Microsoft-Windows-Sysmon/Operational","Computer":"WIN-01","Provider":"Microsoft-Windows-Sysmon","EventData":{"RuleName":"-","UtcTime":"2026-09-08 16:35:30.843","ProcessGuid":"{c1ae1b3a-3952-6aa0-7b03-000000000800}","ProcessId":"8596","Image":"C:\\Windows\\System32\\conhost.exe","FileVersion":"10.0.26100.8972 (WinBuild.160101.0800)","Description":"Console Window Host","Product":"Microsoft® Windows® Operating System","Company":"Microsoft Corporation","OriginalFileName":"CONHOST.EXE","CommandLine":"\\??\\C:\\WINDOWS\\system32\\conhost.exe 0xffffffff -ForceV1","CurrentDirectory":"C:\\WINDOWS","User":"WIN-01\\labuser","LogonGuid":"{c1ae1b3a-0937-6aa0-05a6-060000000000}","LogonId":"0x6a605","TerminalSessionId":"1","IntegrityLevel":"High","Hashes":"SHA256=7CED551EC8AFAB3391A3EDE5442046558E4799DCFD631AC9252FE93929A3465E","ParentProcessGuid":"{c1ae1b3a-3952-6aa0-7a03-000000000800}","ParentProcessId":"6896","ParentImage":"C:\\Windows\\System32\\WindowsPowerShell\\v1.0\\powershell.exe","ParentCommandLine":"\"C:\\WINDOWS\\System32\\WindowsPowerShell\\v1.0\\powershell.exe\" -NoProfile -NonInteractive -Command Get-Date | Out-Null ","ParentUser":"WIN-01\\labuser"}}
{"RecordId":3391,"EventId":1,"TimeCreated":"2026-09-08T16:35:32.884Z","Channel":"Microsoft-Windows-Sysmon/Operational","Computer":"WIN-01","Provider":"Microsoft-Windows-Sysmon","EventData":{"RuleName":"-","UtcTime":"2026-09-08 16:35:32.882","ProcessGuid":"{c1ae1b3a-3954-6aa0-7c03-000000000800}","ProcessId":"3844","Image":"C:\\Windows\\System32\\WindowsPowerShell\\v1.0\\powershell.exe","FileVersion":"10.0.26100.8875 (WinBuild.160101.0800)","Description":"Windows PowerShell","Product":"Microsoft® Windows® Operating System","Company":"Microsoft Corporation","OriginalFileName":"PowerShell.EXE","CommandLine":"\"C:\\WINDOWS\\System32\\WindowsPowerShell\\v1.0\\powershell.exe\" -NoProfile -NonInteractive -EncodedCommand VwByAGkAdABlAC0ATwB1AHQAcAB1AHQAIAAnAHMAMAAtAHMAYQBtAHAAbABlAC0AZQBuAGMAbwBkAGUAZAAnAA== ","CurrentDirectory":"C:\\Users\\labuser\\","User":"WIN-01\\labuser","LogonGuid":"{c1ae1b3a-0937-6aa0-05a6-060000000000}","LogonId":"0x6a605","TerminalSessionId":"1","IntegrityLevel":"High","Hashes":"SHA256=7600FFE12DA441FE89D035B13801E8E91D064BC544A27B19A5CF49F6AB8B18F5","ParentProcessGuid":"{c1ae1b3a-15a0-6aa0-1003-000000000800}","ParentProcessId":"5544","ParentImage":"C:\\Windows\\System32\\WindowsPowerShell\\v1.0\\powershell.exe","ParentCommandLine":"C:\\WINDOWS\\System32\\WindowsPowerShell\\v1.0\\powershell.exe","ParentUser":"WIN-01\\labuser"}}
{"RecordId":3392,"EventId":1,"TimeCreated":"2026-09-08T16:35:32.890Z","Channel":"Microsoft-Windows-Sysmon/Operational","Computer":"WIN-01","Provider":"Microsoft-Windows-Sysmon","EventData":{"RuleName":"-","UtcTime":"2026-09-08 16:35:32.887","ProcessGuid":"{c1ae1b3a-3954-6aa0-7d03-000000000800}","ProcessId":"6544","Image":"C:\\Windows\\System32\\conhost.exe","FileVersion":"10.0.26100.8972 (WinBuild.160101.0800)","Description":"Console Window Host","Product":"Microsoft® Windows® Operating System","Company":"Microsoft Corporation","OriginalFileName":"CONHOST.EXE","CommandLine":"\\??\\C:\\WINDOWS\\system32\\conhost.exe 0xffffffff -ForceV1","CurrentDirectory":"C:\\WINDOWS","User":"WIN-01\\labuser","LogonGuid":"{c1ae1b3a-0937-6aa0-05a6-060000000000}","LogonId":"0x6a605","TerminalSessionId":"1","IntegrityLevel":"High","Hashes":"SHA256=7CED551EC8AFAB3391A3EDE5442046558E4799DCFD631AC9252FE93929A3465E","ParentProcessGuid":"{c1ae1b3a-3954-6aa0-7c03-000000000800}","ParentProcessId":"3844","ParentImage":"C:\\Windows\\System32\\WindowsPowerShell\\v1.0\\powershell.exe","ParentCommandLine":"\"C:\\WINDOWS\\System32\\WindowsPowerShell\\v1.0\\powershell.exe\" -NoProfile -NonInteractive -EncodedCommand VwByAGkAdABlAC0ATwB1AHQAcAB1AHQAIAAnAHMAMAAtAHMAYQBtAHAAbABlAC0AZQBuAGMAbwBkAGUAZAAnAA== ","ParentUser":"WIN-01\\labuser"}}
{"RecordId":3393,"EventId":3,"TimeCreated":"2026-09-08T16:35:36.217Z","Channel":"Microsoft-Windows-Sysmon/Operational","Computer":"WIN-01","Provider":"Microsoft-Windows-Sysmon","EventData":{"RuleName":"-","UtcTime":"2026-09-08 16:35:35.031","ProcessGuid":"{c1ae1b3a-15a0-6aa0-1003-000000000800}","ProcessId":"5544","Image":"C:\\Windows\\System32\\WindowsPowerShell\\v1.0\\powershell.exe","User":"WIN-01\\labuser","Protocol":"tcp","Initiated":"true","SourceIsIpv6":"false","SourceIp":"127.0.0.1","SourceHostname":"WIN-01","SourcePort":"62789","SourcePortName":"-","DestinationIsIpv6":"false","DestinationIp":"127.0.0.1","DestinationHostname":"WIN-01","DestinationPort":"135","DestinationPortName":"epmap"}}
{"RecordId":3394,"EventId":3,"TimeCreated":"2026-09-08T16:35:36.217Z","Channel":"Microsoft-Windows-Sysmon/Operational","Computer":"WIN-01","Provider":"Microsoft-Windows-Sysmon","EventData":{"RuleName":"-","UtcTime":"2026-09-08 16:35:35.031","ProcessGuid":"{c1ae1b3a-0921-6aa0-1000-000000000800}","ProcessId":"484","Image":"C:\\Windows\\System32\\svchost.exe","User":"NT AUTHORITY\\NETWORK SERVICE","Protocol":"tcp","Initiated":"false","SourceIsIpv6":"false","SourceIp":"127.0.0.1","SourceHostname":"WIN-01","SourcePort":"62789","SourcePortName":"-","DestinationIsIpv6":"false","DestinationIp":"127.0.0.1","DestinationHostname":"WIN-01","DestinationPort":"135","DestinationPortName":"epmap"}}
{"RecordId":3395,"EventId":3,"TimeCreated":"2026-09-08T16:35:36.980Z","Channel":"Microsoft-Windows-Sysmon/Operational","Computer":"WIN-01","Provider":"Microsoft-Windows-Sysmon","EventData":{"RuleName":"-","UtcTime":"2026-09-08 16:35:35.367","ProcessGuid":"{c1ae1b3a-15a0-6aa0-1003-000000000800}","ProcessId":"5544","Image":"C:\\Windows\\System32\\WindowsPowerShell\\v1.0\\powershell.exe","User":"WIN-01\\labuser","Protocol":"tcp","Initiated":"true","SourceIsIpv6":"false","SourceIp":"192.168.9.129","SourceHostname":"WIN-01.localdomain","SourcePort":"62790","SourcePortName":"-","DestinationIsIpv6":"false","DestinationIp":"1.1.1.1","DestinationHostname":"one.one.one.one","DestinationPort":"443","DestinationPortName":"https"}}
