{"RecordId":5,"EventId":1,"TimeCreated":"2026-09-08T11:40:20.962Z","Channel":"Microsoft-Windows-Sysmon/Operational","Computer":"WIN-01","Provider":"Microsoft-Windows-Sysmon","EventData":{"RuleName":"-","UtcTime":"2026-09-08 11:40:20.950","ProcessGuid":"{c1ae1b3a-f424-6a9f-dd01-000000000700}","ProcessId":"10072","Image":"C:\\Windows\\System32\\WindowsPowerShell\\v1.0\\powershell.exe","FileVersion":"10.0.26100.8875 (WinBuild.160101.0800)","Description":"Windows PowerShell","Product":"Microsoft® Windows® Operating System","Company":"Microsoft Corporation","OriginalFileName":"PowerShell.EXE","CommandLine":"\"C:\\WINDOWS\\System32\\WindowsPowerShell\\v1.0\\powershell.exe\" -NoProfile -NonInteractive -Command Get-Date | Out-Null ","CurrentDirectory":"C:\\Users\\labuser\\","User":"WIN-01\\labuser","LogonGuid":"{c1ae1b3a-f16e-6a9f-2da0-050000000000}","LogonId":"0x5a02d","TerminalSessionId":"1","IntegrityLevel":"High","Hashes":"SHA256=7600FFE12DA441FE89D035B13801E8E91D064BC544A27B19A5CF49F6AB8B18F5","ParentProcessGuid":"{c1ae1b3a-f416-6a9f-d301-000000000700}","ParentProcessId":"6620","ParentImage":"C:\\Windows\\System32\\WindowsPowerShell\\v1.0\\powershell.exe","ParentCommandLine":"C:\\WINDOWS\\System32\\WindowsPowerShell\\v1.0\\powershell.exe","ParentUser":"WIN-01\\labuser"}}
{"RecordId":6,"EventId":1,"TimeCreated":"2026-09-08T11:40:20.983Z","Channel":"Microsoft-Windows-Sysmon/Operational","Computer":"WIN-01","Provider":"Microsoft-Windows-Sysmon","EventData":{"RuleName":"-","UtcTime":"2026-09-08 11:40:20.966","ProcessGuid":"{c1ae1b3a-f424-6a9f-de01-000000000700}","ProcessId":"9392","Image":"C:\\Windows\\System32\\conhost.exe","FileVersion":"10.0.26100.8972 (WinBuild.160101.0800)","Description":"Console Window Host","Product":"Microsoft® Windows® Operating System","Company":"Microsoft Corporation","OriginalFileName":"CONHOST.EXE","CommandLine":"\\??\\C:\\WINDOWS\\system32\\conhost.exe 0xffffffff -ForceV1","CurrentDirectory":"C:\\WINDOWS","User":"WIN-01\\labuser","LogonGuid":"{c1ae1b3a-f16e-6a9f-2da0-050000000000}","LogonId":"0x5a02d","TerminalSessionId":"1","IntegrityLevel":"High","Hashes":"SHA256=7CED551EC8AFAB3391A3EDE5442046558E4799DCFD631AC9252FE93929A3465E","ParentProcessGuid":"{c1ae1b3a-f424-6a9f-dd01-000000000700}","ParentProcessId":"10072","ParentImage":"C:\\Windows\\System32\\WindowsPowerShell\\v1.0\\powershell.exe","ParentCommandLine":"\"C:\\WINDOWS\\System32\\WindowsPowerShell\\v1.0\\powershell.exe\" -NoProfile -NonInteractive -Command Get-Date | Out-Null ","ParentUser":"WIN-01\\labuser"}}
{"RecordId":7,"EventId":1,"TimeCreated":"2026-09-08T11:40:21.704Z","Channel":"Microsoft-Windows-Sysmon/Operational","Computer":"WIN-01","Provider":"Microsoft-Windows-Sysmon","EventData":{"RuleName":"-","UtcTime":"2026-09-08 11:40:21.678","ProcessGuid":"{c1ae1b3a-f425-6a9f-df01-000000000700}","ProcessId":"3672","Image":"C:\\Windows\\System32\\SearchProtocolHost.exe","FileVersion":"7.0.26100.9168 (WinBuild.160101.0800)","Description":"Microsoft Windows Search Protocol Host","Product":"Windows® Search","Company":"Microsoft Corporation","OriginalFileName":"SearchProtocolHost.exe","CommandLine":"\"C:\\WINDOWS\\System32\\SearchProtocolHost.exe\" Global\\UsGthrFltPipeMssGthrPipe4_ Global\\UsGthrCtrlFltPipeMssGthrPipe4 1 -2147483646 \"Software\\Microsoft\\Windows Search\" \"Mozilla/4.0 (compatible; MSIE 6.0; Windows NT; MS Search 4.0 Robot)\" \"C:\\ProgramData\\Microsoft\\Search\\Data\\Temp\\usgthrsvc\" \"DownLevelDaemon\" ","CurrentDirectory":"C:\\WINDOWS\\system32\\","User":"NT AUTHORITY\\SYSTEM","LogonGuid":"{c1ae1b3a-f150-6a9f-e703-000000000000}","LogonId":"0x3e7","TerminalSessionId":"0","IntegrityLevel":"System","Hashes":"SHA256=53B9426D99FB1656A0AA34DB18AFAA0BD001EA666D575480C381E7485143EA30","ParentProcessGuid":"{c1ae1b3a-f185-6a9f-9000-000000000700}","ParentProcessId":"5056","ParentImage":"C:\\Windows\\System32\\SearchIndexer.exe","ParentCommandLine":"C:\\WINDOWS\\system32\\SearchIndexer.exe /Embedding","ParentUser":"NT AUTHORITY\\SYSTEM"}}
{"RecordId":8,"EventId":3,"TimeCreated":"2026-09-08T11:40:22.751Z","Channel":"Microsoft-Windows-Sysmon/Operational","Computer":"WIN-01","Provider":"Microsoft-Windows-Sysmon","EventData":{"RuleName":"-","UtcTime":"2026-09-08 11:40:20.409","ProcessGuid":"{c1ae1b3a-f14f-6a9f-eb03-000000000000}","ProcessId":"4","Image":"System","User":"-","Protocol":"udp","Initiated":"true","SourceIsIpv6":"false","SourceIp":"192.168.9.129","SourceHostname":"WIN-01.localdomain","SourcePort":"137","SourcePortName":"-","DestinationIsIpv6":"false","DestinationIp":"192.168.9.2","DestinationHostname":"-","DestinationPort":"137","DestinationPortName":"-"}}
{"RecordId":9,"EventId":3,"TimeCreated":"2026-09-08T11:40:23.532Z","Channel":"Microsoft-Windows-Sysmon/Operational","Computer":"WIN-01","Provider":"Microsoft-Windows-Sysmon","EventData":{"RuleName":"-","UtcTime":"2026-09-08 11:40:21.923","ProcessGuid":"{c1ae1b3a-f14f-6a9f-eb03-000000000000}","ProcessId":"4","Image":"System","User":"NT AUTHORITY\\SYSTEM","Protocol":"udp","Initiated":"true","SourceIsIpv6":"false","SourceIp":"192.168.9.129","SourceHostname":"WIN-01.localdomain","SourcePort":"137","SourcePortName":"netbios-ns","DestinationIsIpv6":"false","DestinationIp":"192.168.9.2","DestinationHostname":"-","DestinationPort":"137","DestinationPortName":"netbios-ns"}}
{"RecordId":10,"EventId":3,"TimeCreated":"2026-09-08T11:40:23.792Z","Channel":"Microsoft-Windows-Sysmon/Operational","Computer":"WIN-01","Provider":"Microsoft-Windows-Sysmon","EventData":{"RuleName":"-","UtcTime":"2026-09-08 11:40:22.680","ProcessGuid":"{c1ae1b3a-f152-6a9f-2a00-000000000700}","ProcessId":"2012","Image":"C:\\Windows\\System32\\svchost.exe","User":"NT AUTHORITY\\NETWORK SERVICE","Protocol":"udp","Initiated":"false","SourceIsIpv6":"false","SourceIp":"224.0.0.251","SourceHostname":"mdns.mcast.net","SourcePort":"5353","SourcePortName":"-","DestinationIsIpv6":"false","DestinationIp":"192.168.9.129","DestinationHostname":"WIN-01.localdomain","DestinationPort":"5353","DestinationPortName":"-"}}
{"RecordId":11,"EventId":3,"TimeCreated":"2026-09-08T11:40:23.792Z","Channel":"Microsoft-Windows-Sysmon/Operational","Computer":"WIN-01","Provider":"Microsoft-Windows-Sysmon","EventData":{"RuleName":"-","UtcTime":"2026-09-08 11:40:22.681","ProcessGuid":"{c1ae1b3a-f152-6a9f-2a00-000000000700}","ProcessId":"2012","Image":"C:\\Windows\\System32\\svchost.exe","User":"NT AUTHORITY\\NETWORK SERVICE","Protocol":"udp","Initiated":"true","SourceIsIpv6":"true","SourceIp":"fe80:0:0:0:6b27:aae:878:578c","SourceHostname":"WIN-01.localdomain","SourcePort":"5353","SourcePortName":"-","DestinationIsIpv6":"true","DestinationIp":"ff02:0:0:0:0:0:0:fb","DestinationHostname":"-","DestinationPort":"5353","DestinationPortName":"-"}}
{"RecordId":12,"EventId":3,"TimeCreated":"2026-09-08T11:40:23.792Z","Channel":"Microsoft-Windows-Sysmon/Operational","Computer":"WIN-01","Provider":"Microsoft-Windows-Sysmon","EventData":{"RuleName":"-","UtcTime":"2026-09-08 11:40:22.681","ProcessGuid":"{c1ae1b3a-f152-6a9f-2a00-000000000700}","ProcessId":"2012","Image":"C:\\Windows\\System32\\svchost.exe","User":"NT AUTHORITY\\NETWORK SERVICE","Protocol":"udp","Initiated":"false","SourceIsIpv6":"true","SourceIp":"ff02:0:0:0:0:0:0:fb","SourceHostname":"-","SourcePort":"5353","SourcePortName":"-","DestinationIsIpv6":"true","DestinationIp":"fe80:0:0:0:6b27:aae:878:578c","DestinationHostname":"WIN-01.localdomain","DestinationPort":"5353","DestinationPortName":"-"}}
{"RecordId":13,"EventId":1,"TimeCreated":"2026-09-08T11:40:24.038Z","Channel":"Microsoft-Windows-Sysmon/Operational","Computer":"WIN-01","Provider":"Microsoft-Windows-Sysmon","EventData":{"RuleName":"-","UtcTime":"2026-09-08 11:40:24.023","ProcessGuid":"{c1ae1b3a-f428-6a9f-e001-000000000700}","ProcessId":"9004","Image":"C:\\Windows\\System32\\WindowsPowerShell\\v1.0\\powershell.exe","FileVersion":"10.0.26100.8875 (WinBuild.160101.0800)","Description":"Windows PowerShell","Product":"Microsoft® Windows® Operating System","Company":"Microsoft Corporation","OriginalFileName":"PowerShell.EXE","CommandLine":"\"C:\\WINDOWS\\System32\\WindowsPowerShell\\v1.0\\powershell.exe\" -NoProfile -NonInteractive -EncodedCommand VwByAGkAdABlAC0ATwB1AHQAcAB1AHQAIAAnAHMAMAAtAHMAYQBtAHAAbABlAC0AZQBuAGMAbwBkAGUAZAAnAA== ","CurrentDirectory":"C:\\Users\\labuser\\","User":"WIN-01\\labuser","LogonGuid":"{c1ae1b3a-f16e-6a9f-2da0-050000000000}","LogonId":"0x5a02d","TerminalSessionId":"1","IntegrityLevel":"High","Hashes":"SHA256=7600FFE12DA441FE89D035B13801E8E91D064BC544A27B19A5CF49F6AB8B18F5","ParentProcessGuid":"{c1ae1b3a-f416-6a9f-d301-000000000700}","ParentProcessId":"6620","ParentImage":"C:\\Windows\\System32\\WindowsPowerShell\\v1.0\\powershell.exe","ParentCommandLine":"C:\\WINDOWS\\System32\\WindowsPowerShell\\v1.0\\powershell.exe","ParentUser":"WIN-01\\labuser"}}
{"RecordId":14,"EventId":1,"TimeCreated":"2026-09-08T11:40:24.045Z","Channel":"Microsoft-Windows-Sysmon/Operational","Computer":"WIN-01","Provider":"Microsoft-Windows-Sysmon","EventData":{"RuleName":"-","UtcTime":"2026-09-08 11:40:24.041","ProcessGuid":"{c1ae1b3a-f428-6a9f-e101-000000000700}","ProcessId":"2452","Image":"C:\\Windows\\System32\\conhost.exe","FileVersion":"10.0.26100.8972 (WinBuild.160101.0800)","Description":"Console Window Host","Product":"Microsoft® Windows® Operating System","Company":"Microsoft Corporation","OriginalFileName":"CONHOST.EXE","CommandLine":"\\??\\C:\\WINDOWS\\system32\\conhost.exe 0xffffffff -ForceV1","CurrentDirectory":"C:\\WINDOWS","User":"WIN-01\\labuser","LogonGuid":"{c1ae1b3a-f16e-6a9f-2da0-050000000000}","LogonId":"0x5a02d","TerminalSessionId":"1","IntegrityLevel":"High","Hashes":"SHA256=7CED551EC8AFAB3391A3EDE5442046558E4799DCFD631AC9252FE93929A3465E","ParentProcessGuid":"{c1ae1b3a-f428-6a9f-e001-000000000700}","ParentProcessId":"9004","ParentImage":"C:\\Windows\\System32\\WindowsPowerShell\\v1.0\\powershell.exe","ParentCommandLine":"\"C:\\WINDOWS\\System32\\WindowsPowerShell\\v1.0\\powershell.exe\" -NoProfile -NonInteractive -EncodedCommand VwByAGkAdABlAC0ATwB1AHQAcAB1AHQAIAAnAHMAMAAtAHMAYQBtAHAAbABlAC0AZQBuAGMAbwBkAGUAZAAnAA== ","ParentUser":"WIN-01\\labuser"}}
{"RecordId":15,"EventId":3,"TimeCreated":"2026-09-08T11:40:24.050Z","Channel":"Microsoft-Windows-Sysmon/Operational","Computer":"WIN-01","Provider":"Microsoft-Windows-Sysmon","EventData":{"RuleName":"-","UtcTime":"2026-09-08 11:40:22.672","ProcessGuid":"{c1ae1b3a-f152-6a9f-2a00-000000000700}","ProcessId":"2012","Image":"C:\\Windows\\System32\\svchost.exe","User":"NT AUTHORITY\\NETWORK SERVICE","Protocol":"udp","Initiated":"true","SourceIsIpv6":"false","SourceIp":"192.168.9.129","SourceHostname":"WIN-01.localdomain","SourcePort":"56134","SourcePortName":"-","DestinationIsIpv6":"false","DestinationIp":"192.168.9.2","DestinationHostname":"-","DestinationPort":"53","DestinationPortName":"domain"}}
{"RecordId":16,"EventId":3,"TimeCreated":"2026-09-08T11:40:24.050Z","Channel":"Microsoft-Windows-Sysmon/Operational","Computer":"WIN-01","Provider":"Microsoft-Windows-Sysmon","EventData":{"RuleName":"-","UtcTime":"2026-09-08 11:40:22.678","ProcessGuid":"{c1ae1b3a-f152-6a9f-2a00-000000000700}","ProcessId":"2012","Image":"C:\\Windows\\System32\\svchost.exe","User":"NT AUTHORITY\\NETWORK SERVICE","Protocol":"udp","Initiated":"false","SourceIsIpv6":"false","SourceIp":"192.168.9.129","SourceHostname":"WIN-01.localdomain","SourcePort":"56134","SourcePortName":"-","DestinationIsIpv6":"false","DestinationIp":"192.168.9.2","DestinationHostname":"-","DestinationPort":"53","DestinationPortName":"domain"}}
{"RecordId":17,"EventId":3,"TimeCreated":"2026-09-08T11:40:24.050Z","Channel":"Microsoft-Windows-Sysmon/Operational","Computer":"WIN-01","Provider":"Microsoft-Windows-Sysmon","EventData":{"RuleName":"-","UtcTime":"2026-09-08 11:40:22.680","ProcessGuid":"{c1ae1b3a-f152-6a9f-2a00-000000000700}","ProcessId":"2012","Image":"C:\\Windows\\System32\\svchost.exe","User":"NT AUTHORITY\\NETWORK SERVICE","Protocol":"udp","Initiated":"true","SourceIsIpv6":"false","SourceIp":"192.168.9.129","SourceHostname":"WIN-01.localdomain","SourcePort":"5353","SourcePortName":"-","DestinationIsIpv6":"false","DestinationIp":"224.0.0.251","DestinationHostname":"mdns.mcast.net","DestinationPort":"5353","DestinationPortName":"-"}}
{"RecordId":18,"EventId":3,"TimeCreated":"2026-09-08T11:40:24.320Z","Channel":"Microsoft-Windows-Sysmon/Operational","Computer":"WIN-01","Provider":"Microsoft-Windows-Sysmon","EventData":{"RuleName":"-","UtcTime":"2026-09-08 11:40:23.094","ProcessGuid":"{c1ae1b3a-f152-6a9f-2a00-000000000700}","ProcessId":"2012","Image":"C:\\Windows\\System32\\svchost.exe","User":"NT AUTHORITY\\NETWORK SERVICE","Protocol":"udp","Initiated":"false","SourceIsIpv6":"false","SourceIp":"224.0.0.251","SourceHostname":"mdns.mcast.net","SourcePort":"5353","SourcePortName":"-","DestinationIsIpv6":"false","DestinationIp":"192.168.9.129","DestinationHostname":"WIN-01.localdomain","DestinationPort":"5353","DestinationPortName":"-"}}
{"RecordId":19,"EventId":3,"TimeCreated":"2026-09-08T11:40:24.320Z","Channel":"Microsoft-Windows-Sysmon/Operational","Computer":"WIN-01","Provider":"Microsoft-Windows-Sysmon","EventData":{"RuleName":"-","UtcTime":"2026-09-08 11:40:23.094","ProcessGuid":"{c1ae1b3a-f152-6a9f-2a00-000000000700}","ProcessId":"2012","Image":"C:\\Windows\\System32\\svchost.exe","User":"NT AUTHORITY\\NETWORK SERVICE","Protocol":"udp","Initiated":"false","SourceIsIpv6":"true","SourceIp":"ff02:0:0:0:0:0:0:fb","SourceHostname":"-","SourcePort":"5353","SourcePortName":"-","DestinationIsIpv6":"true","DestinationIp":"fe80:0:0:0:6b27:aae:878:578c","DestinationHostname":"WIN-01.localdomain","DestinationPort":"5353","DestinationPortName":"-"}}
{"RecordId":20,"EventId":3,"TimeCreated":"2026-09-08T11:40:24.320Z","Channel":"Microsoft-Windows-Sysmon/Operational","Computer":"WIN-01","Provider":"Microsoft-Windows-Sysmon","EventData":{"RuleName":"-","UtcTime":"2026-09-08 11:40:23.095","ProcessGuid":"{c1ae1b3a-f152-6a9f-2a00-000000000700}","ProcessId":"2012","Image":"C:\\Windows\\System32\\svchost.exe","User":"NT AUTHORITY\\NETWORK SERVICE","Protocol":"udp","Initiated":"true","SourceIsIpv6":"true","SourceIp":"fe80:0:0:0:6b27:aae:878:578c","SourceHostname":"WIN-01.localdomain","SourcePort":"54976","SourcePortName":"-","DestinationIsIpv6":"true","DestinationIp":"ff02:0:0:0:0:0:1:3","DestinationHostname":"-","DestinationPort":"5355","DestinationPortName":"llmnr"}}
{"RecordId":21,"EventId":3,"TimeCreated":"2026-09-08T11:40:24.320Z","Channel":"Microsoft-Windows-Sysmon/Operational","Computer":"WIN-01","Provider":"Microsoft-Windows-Sysmon","EventData":{"RuleName":"-","UtcTime":"2026-09-08 11:40:23.095","ProcessGuid":"{c1ae1b3a-f152-6a9f-2a00-000000000700}","ProcessId":"2012","Image":"C:\\Windows\\System32\\svchost.exe","User":"NT AUTHORITY\\NETWORK SERVICE","Protocol":"udp","Initiated":"true","SourceIsIpv6":"false","SourceIp":"192.168.9.129","SourceHostname":"WIN-01.localdomain","SourcePort":"54976","SourcePortName":"-","DestinationIsIpv6":"false","DestinationIp":"224.0.0.252","DestinationHostname":"-","DestinationPort":"5355","DestinationPortName":"llmnr"}}
{"RecordId":22,"EventId":3,"TimeCreated":"2026-09-08T11:40:24.589Z","Channel":"Microsoft-Windows-Sysmon/Operational","Computer":"WIN-01","Provider":"Microsoft-Windows-Sysmon","EventData":{"RuleName":"-","UtcTime":"2026-09-08 11:40:23.437","ProcessGuid":"{c1ae1b3a-f152-6a9f-2a00-000000000700}","ProcessId":"2012","Image":"C:\\Windows\\System32\\svchost.exe","User":"NT AUTHORITY\\NETWORK SERVICE","Protocol":"udp","Initiated":"true","SourceIsIpv6":"false","SourceIp":"192.168.9.129","SourceHostname":"WIN-01.localdomain","SourcePort":"56134","SourcePortName":"-","DestinationIsIpv6":"false","DestinationIp":"192.168.9.2","DestinationHostname":"-","DestinationPort":"53","DestinationPortName":"domain"}}
{"RecordId":23,"EventId":3,"TimeCreated":"2026-09-08T11:40:24.589Z","Channel":"Microsoft-Windows-Sysmon/Operational","Computer":"WIN-01","Provider":"Microsoft-Windows-Sysmon","EventData":{"RuleName":"-","UtcTime":"2026-09-08 11:40:23.437","ProcessGuid":"{c1ae1b3a-f152-6a9f-2a00-000000000700}","ProcessId":"2012","Image":"C:\\Windows\\System32\\svchost.exe","User":"NT AUTHORITY\\NETWORK SERVICE","Protocol":"udp","Initiated":"true","SourceIsIpv6":"false","SourceIp":"192.168.9.129","SourceHostname":"WIN-01.localdomain","SourcePort":"54578","SourcePortName":"-","DestinationIsIpv6":"false","DestinationIp":"192.168.9.2","DestinationHostname":"-","DestinationPort":"53","DestinationPortName":"domain"}}
{"RecordId":24,"EventId":3,"TimeCreated":"2026-09-08T11:40:24.589Z","Channel":"Microsoft-Windows-Sysmon/Operational","Computer":"WIN-01","Provider":"Microsoft-Windows-Sysmon","EventData":{"RuleName":"-","UtcTime":"2026-09-08 11:40:23.438","ProcessGuid":"{c1ae1b3a-f152-6a9f-2a00-000000000700}","ProcessId":"2012","Image":"C:\\Windows\\System32\\svchost.exe","User":"NT AUTHORITY\\NETWORK SERVICE","Protocol":"udp","Initiated":"true","SourceIsIpv6":"false","SourceIp":"192.168.9.129","SourceHostname":"WIN-01.localdomain","SourcePort":"65373","SourcePortName":"-","DestinationIsIpv6":"false","DestinationIp":"192.168.9.2","DestinationHostname":"-","DestinationPort":"53","DestinationPortName":"domain"}}
{"RecordId":25,"EventId":3,"TimeCreated":"2026-09-08T11:40:24.589Z","Channel":"Microsoft-Windows-Sysmon/Operational","Computer":"WIN-01","Provider":"Microsoft-Windows-Sysmon","EventData":{"RuleName":"-","UtcTime":"2026-09-08 11:40:23.439","ProcessGuid":"{c1ae1b3a-f152-6a9f-2a00-000000000700}","ProcessId":"2012","Image":"C:\\Windows\\System32\\svchost.exe","User":"NT AUTHORITY\\NETWORK SERVICE","Protocol":"udp","Initiated":"true","SourceIsIpv6":"false","SourceIp":"192.168.9.129","SourceHostname":"WIN-01.localdomain","SourcePort":"62317","SourcePortName":"-","DestinationIsIpv6":"false","DestinationIp":"192.168.9.2","DestinationHostname":"-","DestinationPort":"53","DestinationPortName":"domain"}}
{"RecordId":26,"EventId":3,"TimeCreated":"2026-09-08T11:40:24.589Z","Channel":"Microsoft-Windows-Sysmon/Operational","Computer":"WIN-01","Provider":"Microsoft-Windows-Sysmon","EventData":{"RuleName":"-","UtcTime":"2026-09-08 11:40:23.443","ProcessGuid":"{c1ae1b3a-f152-6a9f-2a00-000000000700}","ProcessId":"2012","Image":"C:\\Windows\\System32\\svchost.exe","User":"NT AUTHORITY\\NETWORK SERVICE","Protocol":"udp","Initiated":"false","SourceIsIpv6":"false","SourceIp":"192.168.9.129","SourceHostname":"WIN-01.localdomain","SourcePort":"56134","SourcePortName":"-","DestinationIsIpv6":"false","DestinationIp":"192.168.9.2","DestinationHostname":"-","DestinationPort":"53","DestinationPortName":"domain"}}
{"RecordId":27,"EventId":3,"TimeCreated":"2026-09-08T11:40:24.589Z","Channel":"Microsoft-Windows-Sysmon/Operational","Computer":"WIN-01","Provider":"Microsoft-Windows-Sysmon","EventData":{"RuleName":"-","UtcTime":"2026-09-08 11:40:23.443","ProcessGuid":"{c1ae1b3a-f152-6a9f-2a00-000000000700}","ProcessId":"2012","Image":"C:\\Windows\\System32\\svchost.exe","User":"NT AUTHORITY\\NETWORK SERVICE","Protocol":"udp","Initiated":"false","SourceIsIpv6":"false","SourceIp":"192.168.9.129","SourceHostname":"WIN-01.localdomain","SourcePort":"62317","SourcePortName":"-","DestinationIsIpv6":"false","DestinationIp":"192.168.9.2","DestinationHostname":"-","DestinationPort":"53","DestinationPortName":"domain"}}
{"RecordId":28,"EventId":3,"TimeCreated":"2026-09-08T11:40:24.589Z","Channel":"Microsoft-Windows-Sysmon/Operational","Computer":"WIN-01","Provider":"Microsoft-Windows-Sysmon","EventData":{"RuleName":"-","UtcTime":"2026-09-08 11:40:23.445","ProcessGuid":"{c1ae1b3a-f152-6a9f-2a00-000000000700}","ProcessId":"2012","Image":"C:\\Windows\\System32\\svchost.exe","User":"NT AUTHORITY\\NETWORK SERVICE","Protocol":"udp","Initiated":"true","SourceIsIpv6":"false","SourceIp":"192.168.9.129","SourceHostname":"WIN-01.localdomain","SourcePort":"5353","SourcePortName":"-","DestinationIsIpv6":"false","DestinationIp":"224.0.0.251","DestinationHostname":"mdns.mcast.net","DestinationPort":"5353","DestinationPortName":"-"}}
{"RecordId":29,"EventId":3,"TimeCreated":"2026-09-08T11:40:24.589Z","Channel":"Microsoft-Windows-Sysmon/Operational","Computer":"WIN-01","Provider":"Microsoft-Windows-Sysmon","EventData":{"RuleName":"-","UtcTime":"2026-09-08 11:40:23.445","ProcessGuid":"{c1ae1b3a-f152-6a9f-2a00-000000000700}","ProcessId":"2012","Image":"C:\\Windows\\System32\\svchost.exe","User":"NT AUTHORITY\\NETWORK SERVICE","Protocol":"udp","Initiated":"false","SourceIsIpv6":"false","SourceIp":"224.0.0.251","SourceHostname":"mdns.mcast.net","SourcePort":"5353","SourcePortName":"-","DestinationIsIpv6":"false","DestinationIp":"192.168.9.129","DestinationHostname":"WIN-01.localdomain","DestinationPort":"5353","DestinationPortName":"-"}}
{"RecordId":30,"EventId":3,"TimeCreated":"2026-09-08T11:40:24.589Z","Channel":"Microsoft-Windows-Sysmon/Operational","Computer":"WIN-01","Provider":"Microsoft-Windows-Sysmon","EventData":{"RuleName":"-","UtcTime":"2026-09-08 11:40:23.445","ProcessGuid":"{c1ae1b3a-f152-6a9f-2a00-000000000700}","ProcessId":"2012","Image":"C:\\Windows\\System32\\svchost.exe","User":"NT AUTHORITY\\NETWORK SERVICE","Protocol":"udp","Initiated":"false","SourceIsIpv6":"false","SourceIp":"224.0.0.251","SourceHostname":"mdns.mcast.net","SourcePort":"5353","SourcePortName":"-","DestinationIsIpv6":"false","DestinationIp":"192.168.9.129","DestinationHostname":"WIN-01.localdomain","DestinationPort":"5353","DestinationPortName":"-"}}
{"RecordId":31,"EventId":3,"TimeCreated":"2026-09-08T11:40:24.589Z","Channel":"Microsoft-Windows-Sysmon/Operational","Computer":"WIN-01","Provider":"Microsoft-Windows-Sysmon","EventData":{"RuleName":"-","UtcTime":"2026-09-08 11:40:23.446","ProcessGuid":"{c1ae1b3a-f152-6a9f-2a00-000000000700}","ProcessId":"2012","Image":"C:\\Windows\\System32\\svchost.exe","User":"NT AUTHORITY\\NETWORK SERVICE","Protocol":"udp","Initiated":"false","SourceIsIpv6":"true","SourceIp":"ff02:0:0:0:0:0:0:fb","SourceHostname":"-","SourcePort":"5353","SourcePortName":"-","DestinationIsIpv6":"true","DestinationIp":"fe80:0:0:0:6b27:aae:878:578c","DestinationHostname":"WIN-01.localdomain","DestinationPort":"5353","DestinationPortName":"-"}}
{"RecordId":32,"EventId":3,"TimeCreated":"2026-09-08T11:40:24.589Z","Channel":"Microsoft-Windows-Sysmon/Operational","Computer":"WIN-01","Provider":"Microsoft-Windows-Sysmon","EventData":{"RuleName":"-","UtcTime":"2026-09-08 11:40:23.449","ProcessGuid":"{c1ae1b3a-f152-6a9f-2a00-000000000700}","ProcessId":"2012","Image":"C:\\Windows\\System32\\svchost.exe","User":"NT AUTHORITY\\NETWORK SERVICE","Protocol":"udp","Initiated":"false","SourceIsIpv6":"true","SourceIp":"ff02:0:0:0:0:0:0:fb","SourceHostname":"-","SourcePort":"5353","SourcePortName":"-","DestinationIsIpv6":"true","DestinationIp":"fe80:0:0:0:6b27:aae:878:578c","DestinationHostname":"WIN-01.localdomain","DestinationPort":"5353","DestinationPortName":"-"}}
{"RecordId":33,"EventId":3,"TimeCreated":"2026-09-08T11:40:24.589Z","Channel":"Microsoft-Windows-Sysmon/Operational","Computer":"WIN-01","Provider":"Microsoft-Windows-Sysmon","EventData":{"RuleName":"-","UtcTime":"2026-09-08 11:40:23.512","ProcessGuid":"{c1ae1b3a-f152-6a9f-2a00-000000000700}","ProcessId":"2012","Image":"C:\\Windows\\System32\\svchost.exe","User":"NT AUTHORITY\\NETWORK SERVICE","Protocol":"udp","Initiated":"true","SourceIsIpv6":"true","SourceIp":"fe80:0:0:0:6b27:aae:878:578c","SourceHostname":"WIN-01.localdomain","SourcePort":"54976","SourcePortName":"-","DestinationIsIpv6":"true","DestinationIp":"ff02:0:0:0:0:0:1:3","DestinationHostname":"-","DestinationPort":"5355","DestinationPortName":"llmnr"}}
{"RecordId":34,"EventId":3,"TimeCreated":"2026-09-08T11:40:24.589Z","Channel":"Microsoft-Windows-Sysmon/Operational","Computer":"WIN-01","Provider":"Microsoft-Windows-Sysmon","EventData":{"RuleName":"-","UtcTime":"2026-09-08 11:40:23.512","ProcessGuid":"{c1ae1b3a-f152-6a9f-2a00-000000000700}","ProcessId":"2012","Image":"C:\\Windows\\System32\\svchost.exe","User":"NT AUTHORITY\\NETWORK SERVICE","Protocol":"udp","Initiated":"true","SourceIsIpv6":"false","SourceIp":"192.168.9.129","SourceHostname":"WIN-01.localdomain","SourcePort":"54976","SourcePortName":"-","DestinationIsIpv6":"false","DestinationIp":"224.0.0.252","DestinationHostname":"-","DestinationPort":"5355","DestinationPortName":"llmnr"}}
{"RecordId":35,"EventId":3,"TimeCreated":"2026-09-08T11:40:24.589Z","Channel":"Microsoft-Windows-Sysmon/Operational","Computer":"WIN-01","Provider":"Microsoft-Windows-Sysmon","EventData":{"RuleName":"-","UtcTime":"2026-09-08 11:40:23.513","ProcessGuid":"{c1ae1b3a-f152-6a9f-2a00-000000000700}","ProcessId":"2012","Image":"C:\\Windows\\System32\\svchost.exe","User":"NT AUTHORITY\\NETWORK SERVICE","Protocol":"udp","Initiated":"false","SourceIsIpv6":"false","SourceIp":"224.0.0.251","SourceHostname":"mdns.mcast.net","SourcePort":"5353","SourcePortName":"-","DestinationIsIpv6":"false","DestinationIp":"192.168.9.129","DestinationHostname":"WIN-01.localdomain","DestinationPort":"5353","DestinationPortName":"-"}}
{"RecordId":36,"EventId":3,"TimeCreated":"2026-09-08T11:40:24.589Z","Channel":"Microsoft-Windows-Sysmon/Operational","Computer":"WIN-01","Provider":"Microsoft-Windows-Sysmon","EventData":{"RuleName":"-","UtcTime":"2026-09-08 11:40:23.513","ProcessGuid":"{c1ae1b3a-f152-6a9f-2a00-000000000700}","ProcessId":"2012","Image":"C:\\Windows\\System32\\svchost.exe","User":"NT AUTHORITY\\NETWORK SERVICE","Protocol":"udp","Initiated":"false","SourceIsIpv6":"true","SourceIp":"ff02:0:0:0:0:0:0:fb","SourceHostname":"-","SourcePort":"5353","SourcePortName":"-","DestinationIsIpv6":"true","DestinationIp":"fe80:0:0:0:6b27:aae:878:578c","DestinationHostname":"WIN-01.localdomain","DestinationPort":"5353","DestinationPortName":"-"}}
{"RecordId":37,"EventId":3,"TimeCreated":"2026-09-08T11:40:24.882Z","Channel":"Microsoft-Windows-Sysmon/Operational","Computer":"WIN-01","Provider":"Microsoft-Windows-Sysmon","EventData":{"RuleName":"-","UtcTime":"2026-09-08 11:40:23.853","ProcessGuid":"{c1ae1b3a-f152-6a9f-2a00-000000000700}","ProcessId":"2012","Image":"C:\\Windows\\System32\\svchost.exe","User":"NT AUTHORITY\\NETWORK SERVICE","Protocol":"udp","Initiated":"false","SourceIsIpv6":"false","SourceIp":"224.0.0.251","SourceHostname":"mdns.mcast.net","SourcePort":"5353","SourcePortName":"-","DestinationIsIpv6":"false","DestinationIp":"192.168.9.129","DestinationHostname":"WIN-01.localdomain","DestinationPort":"5353","DestinationPortName":"-"}}
{"RecordId":38,"EventId":3,"TimeCreated":"2026-09-08T11:40:24.882Z","Channel":"Microsoft-Windows-Sysmon/Operational","Computer":"WIN-01","Provider":"Microsoft-Windows-Sysmon","EventData":{"RuleName":"-","UtcTime":"2026-09-08 11:40:23.869","ProcessGuid":"{c1ae1b3a-f152-6a9f-2a00-000000000700}","ProcessId":"2012","Image":"C:\\Windows\\System32\\svchost.exe","User":"NT AUTHORITY\\NETWORK SERVICE","Protocol":"udp","Initiated":"true","SourceIsIpv6":"false","SourceIp":"192.168.9.129","SourceHostname":"WIN-01.localdomain","SourcePort":"5353","SourcePortName":"-","DestinationIsIpv6":"false","DestinationIp":"224.0.0.251","DestinationHostname":"mdns.mcast.net","DestinationPort":"5353","DestinationPortName":"-"}}
{"RecordId":39,"EventId":3,"TimeCreated":"2026-09-08T11:40:24.882Z","Channel":"Microsoft-Windows-Sysmon/Operational","Computer":"WIN-01","Provider":"Microsoft-Windows-Sysmon","EventData":{"RuleName":"-","UtcTime":"2026-09-08 11:40:23.869","ProcessGuid":"{c1ae1b3a-f152-6a9f-2a00-000000000700}","ProcessId":"2012","Image":"C:\\Windows\\System32\\svchost.exe","User":"NT AUTHORITY\\NETWORK SERVICE","Protocol":"udp","Initiated":"true","SourceIsIpv6":"true","SourceIp":"fe80:0:0:0:6b27:aae:878:578c","SourceHostname":"WIN-01.localdomain","SourcePort":"61653","SourcePortName":"-","DestinationIsIpv6":"true","DestinationIp":"ff02:0:0:0:0:0:1:3","DestinationHostname":"-","DestinationPort":"5355","DestinationPortName":"llmnr"}}
{"RecordId":40,"EventId":3,"TimeCreated":"2026-09-08T11:40:24.882Z","Channel":"Microsoft-Windows-Sysmon/Operational","Computer":"WIN-01","Provider":"Microsoft-Windows-Sysmon","EventData":{"RuleName":"-","UtcTime":"2026-09-08 11:40:23.869","ProcessGuid":"{c1ae1b3a-f152-6a9f-2a00-000000000700}","ProcessId":"2012","Image":"C:\\Windows\\System32\\svchost.exe","User":"NT AUTHORITY\\NETWORK SERVICE","Protocol":"udp","Initiated":"false","SourceIsIpv6":"false","SourceIp":"224.0.0.251","SourceHostname":"mdns.mcast.net","SourcePort":"5353","SourcePortName":"-","DestinationIsIpv6":"false","DestinationIp":"192.168.9.129","DestinationHostname":"WIN-01.localdomain","DestinationPort":"5353","DestinationPortName":"-"}}
{"RecordId":41,"EventId":3,"TimeCreated":"2026-09-08T11:40:24.882Z","Channel":"Microsoft-Windows-Sysmon/Operational","Computer":"WIN-01","Provider":"Microsoft-Windows-Sysmon","EventData":{"RuleName":"-","UtcTime":"2026-09-08 11:40:23.870","ProcessGuid":"{c1ae1b3a-f152-6a9f-2a00-000000000700}","ProcessId":"2012","Image":"C:\\Windows\\System32\\svchost.exe","User":"NT AUTHORITY\\NETWORK SERVICE","Protocol":"udp","Initiated":"true","SourceIsIpv6":"false","SourceIp":"192.168.9.129","SourceHostname":"WIN-01.localdomain","SourcePort":"61653","SourcePortName":"-","DestinationIsIpv6":"false","DestinationIp":"224.0.0.252","DestinationHostname":"-","DestinationPort":"5355","DestinationPortName":"llmnr"}}
{"RecordId":42,"EventId":3,"TimeCreated":"2026-09-08T11:40:24.882Z","Channel":"Microsoft-Windows-Sysmon/Operational","Computer":"WIN-01","Provider":"Microsoft-Windows-Sysmon","EventData":{"RuleName":"-","UtcTime":"2026-09-08 11:40:23.870","ProcessGuid":"{c1ae1b3a-f152-6a9f-2a00-000000000700}","ProcessId":"2012","Image":"C:\\Windows\\System32\\svchost.exe","User":"NT AUTHORITY\\NETWORK SERVICE","Protocol":"udp","Initiated":"false","SourceIsIpv6":"true","SourceIp":"ff02:0:0:0:0:0:0:fb","SourceHostname":"-","SourcePort":"5353","SourcePortName":"-","DestinationIsIpv6":"true","DestinationIp":"fe80:0:0:0:6b27:aae:878:578c","DestinationHostname":"WIN-01.localdomain","DestinationPort":"5353","DestinationPortName":"-"}}
{"RecordId":43,"EventId":3,"TimeCreated":"2026-09-08T11:40:24.882Z","Channel":"Microsoft-Windows-Sysmon/Operational","Computer":"WIN-01","Provider":"Microsoft-Windows-Sysmon","EventData":{"RuleName":"-","UtcTime":"2026-09-08 11:40:23.870","ProcessGuid":"{c1ae1b3a-f152-6a9f-2a00-000000000700}","ProcessId":"2012","Image":"C:\\Windows\\System32\\svchost.exe","User":"NT AUTHORITY\\NETWORK SERVICE","Protocol":"udp","Initiated":"true","SourceIsIpv6":"true","SourceIp":"fe80:0:0:0:6b27:aae:878:578c","SourceHostname":"WIN-01.localdomain","SourcePort":"59184","SourcePortName":"-","DestinationIsIpv6":"true","DestinationIp":"ff02:0:0:0:0:0:1:3","DestinationHostname":"-","DestinationPort":"5355","DestinationPortName":"llmnr"}}
{"RecordId":44,"EventId":3,"TimeCreated":"2026-09-08T11:40:24.882Z","Channel":"Microsoft-Windows-Sysmon/Operational","Computer":"WIN-01","Provider":"Microsoft-Windows-Sysmon","EventData":{"RuleName":"-","UtcTime":"2026-09-08 11:40:23.870","ProcessGuid":"{c1ae1b3a-f152-6a9f-2a00-000000000700}","ProcessId":"2012","Image":"C:\\Windows\\System32\\svchost.exe","User":"NT AUTHORITY\\NETWORK SERVICE","Protocol":"udp","Initiated":"true","SourceIsIpv6":"true","SourceIp":"fe80:0:0:0:6b27:aae:878:578c","SourceHostname":"WIN-01.localdomain","SourcePort":"58463","SourcePortName":"-","DestinationIsIpv6":"true","DestinationIp":"ff02:0:0:0:0:0:1:3","DestinationHostname":"-","DestinationPort":"5355","DestinationPortName":"llmnr"}}
{"RecordId":45,"EventId":3,"TimeCreated":"2026-09-08T11:40:24.882Z","Channel":"Microsoft-Windows-Sysmon/Operational","Computer":"WIN-01","Provider":"Microsoft-Windows-Sysmon","EventData":{"RuleName":"-","UtcTime":"2026-09-08 11:40:23.870","ProcessGuid":"{c1ae1b3a-f152-6a9f-2a00-000000000700}","ProcessId":"2012","Image":"C:\\Windows\\System32\\svchost.exe","User":"NT AUTHORITY\\NETWORK SERVICE","Protocol":"udp","Initiated":"true","SourceIsIpv6":"false","SourceIp":"192.168.9.129","SourceHostname":"WIN-01.localdomain","SourcePort":"59184","SourcePortName":"-","DestinationIsIpv6":"false","DestinationIp":"224.0.0.252","DestinationHostname":"-","DestinationPort":"5355","DestinationPortName":"llmnr"}}
{"RecordId":46,"EventId":3,"TimeCreated":"2026-09-08T11:40:24.882Z","Channel":"Microsoft-Windows-Sysmon/Operational","Computer":"WIN-01","Provider":"Microsoft-Windows-Sysmon","EventData":{"RuleName":"-","UtcTime":"2026-09-08 11:40:23.870","ProcessGuid":"{c1ae1b3a-f152-6a9f-2a00-000000000700}","ProcessId":"2012","Image":"C:\\Windows\\System32\\svchost.exe","User":"NT AUTHORITY\\NETWORK SERVICE","Protocol":"udp","Initiated":"true","SourceIsIpv6":"false","SourceIp":"192.168.9.129","SourceHostname":"WIN-01.localdomain","SourcePort":"58463","SourcePortName":"-","DestinationIsIpv6":"false","DestinationIp":"224.0.0.252","DestinationHostname":"-","DestinationPort":"5355","DestinationPortName":"llmnr"}}
{"RecordId":47,"EventId":3,"TimeCreated":"2026-09-08T11:40:25.445Z","Channel":"Microsoft-Windows-Sysmon/Operational","Computer":"WIN-01","Provider":"Microsoft-Windows-Sysmon","EventData":{"RuleName":"-","UtcTime":"2026-09-08 11:40:24.265","ProcessGuid":"{c1ae1b3a-f152-6a9f-2a00-000000000700}","ProcessId":"2012","Image":"C:\\Windows\\System32\\svchost.exe","User":"NT AUTHORITY\\NETWORK SERVICE","Protocol":"udp","Initiated":"true","SourceIsIpv6":"true","SourceIp":"fe80:0:0:0:6b27:aae:878:578c","SourceHostname":"WIN-01.localdomain","SourcePort":"5353","SourcePortName":"-","DestinationIsIpv6":"true","DestinationIp":"ff02:0:0:0:0:0:0:fb","DestinationHostname":"-","DestinationPort":"5353","DestinationPortName":"-"}}
{"RecordId":48,"EventId":3,"TimeCreated":"2026-09-08T11:40:25.445Z","Channel":"Microsoft-Windows-Sysmon/Operational","Computer":"WIN-01","Provider":"Microsoft-Windows-Sysmon","EventData":{"RuleName":"-","UtcTime":"2026-09-08 11:40:24.292","ProcessGuid":"{c1ae1b3a-f152-6a9f-2a00-000000000700}","ProcessId":"2012","Image":"C:\\Windows\\System32\\svchost.exe","User":"NT AUTHORITY\\NETWORK SERVICE","Protocol":"udp","Initiated":"true","SourceIsIpv6":"true","SourceIp":"fe80:0:0:0:6b27:aae:878:578c","SourceHostname":"WIN-01.localdomain","SourcePort":"59184","SourcePortName":"-","DestinationIsIpv6":"true","DestinationIp":"ff02:0:0:0:0:0:1:3","DestinationHostname":"-","DestinationPort":"5355","DestinationPortName":"llmnr"}}
{"RecordId":49,"EventId":3,"TimeCreated":"2026-09-08T11:40:25.445Z","Channel":"Microsoft-Windows-Sysmon/Operational","Computer":"WIN-01","Provider":"Microsoft-Windows-Sysmon","EventData":{"RuleName":"-","UtcTime":"2026-09-08 11:40:24.292","ProcessGuid":"{c1ae1b3a-f152-6a9f-2a00-000000000700}","ProcessId":"2012","Image":"C:\\Windows\\System32\\svchost.exe","User":"NT AUTHORITY\\NETWORK SERVICE","Protocol":"udp","Initiated":"true","SourceIsIpv6":"false","SourceIp":"192.168.9.129","SourceHostname":"WIN-01.localdomain","SourcePort":"59184","SourcePortName":"-","DestinationIsIpv6":"false","DestinationIp":"224.0.0.252","DestinationHostname":"-","DestinationPort":"5355","DestinationPortName":"llmnr"}}
{"RecordId":50,"EventId":3,"TimeCreated":"2026-09-08T11:40:25.445Z","Channel":"Microsoft-Windows-Sysmon/Operational","Computer":"WIN-01","Provider":"Microsoft-Windows-Sysmon","EventData":{"RuleName":"-","UtcTime":"2026-09-08 11:40:24.292","ProcessGuid":"{c1ae1b3a-f152-6a9f-2a00-000000000700}","ProcessId":"2012","Image":"C:\\Windows\\System32\\svchost.exe","User":"NT AUTHORITY\\NETWORK SERVICE","Protocol":"udp","Initiated":"true","SourceIsIpv6":"false","SourceIp":"192.168.9.129","SourceHostname":"WIN-01.localdomain","SourcePort":"5353","SourcePortName":"-","DestinationIsIpv6":"false","DestinationIp":"224.0.0.251","DestinationHostname":"mdns.mcast.net","DestinationPort":"5353","DestinationPortName":"-"}}
{"RecordId":51,"EventId":3,"TimeCreated":"2026-09-08T11:40:25.445Z","Channel":"Microsoft-Windows-Sysmon/Operational","Computer":"WIN-01","Provider":"Microsoft-Windows-Sysmon","EventData":{"RuleName":"-","UtcTime":"2026-09-08 11:40:24.292","ProcessGuid":"{c1ae1b3a-f152-6a9f-2a00-000000000700}","ProcessId":"2012","Image":"C:\\Windows\\System32\\svchost.exe","User":"NT AUTHORITY\\NETWORK SERVICE","Protocol":"udp","Initiated":"true","SourceIsIpv6":"true","SourceIp":"fe80:0:0:0:6b27:aae:878:578c","SourceHostname":"WIN-01.localdomain","SourcePort":"61653","SourcePortName":"-","DestinationIsIpv6":"true","DestinationIp":"ff02:0:0:0:0:0:1:3","DestinationHostname":"-","DestinationPort":"5355","DestinationPortName":"llmnr"}}
{"RecordId":52,"EventId":3,"TimeCreated":"2026-09-08T11:40:25.445Z","Channel":"Microsoft-Windows-Sysmon/Operational","Computer":"WIN-01","Provider":"Microsoft-Windows-Sysmon","EventData":{"RuleName":"-","UtcTime":"2026-09-08 11:40:24.293","ProcessGuid":"{c1ae1b3a-f152-6a9f-2a00-000000000700}","ProcessId":"2012","Image":"C:\\Windows\\System32\\svchost.exe","User":"NT AUTHORITY\\NETWORK SERVICE","Protocol":"udp","Initiated":"true","SourceIsIpv6":"false","SourceIp":"192.168.9.129","SourceHostname":"WIN-01.localdomain","SourcePort":"61653","SourcePortName":"-","DestinationIsIpv6":"false","DestinationIp":"224.0.0.252","DestinationHostname":"-","DestinationPort":"5355","DestinationPortName":"llmnr"}}
{"RecordId":53,"EventId":3,"TimeCreated":"2026-09-08T11:40:25.724Z","Channel":"Microsoft-Windows-Sysmon/Operational","Computer":"WIN-01","Provider":"Microsoft-Windows-Sysmon","EventData":{"RuleName":"-","UtcTime":"2026-09-08 11:40:24.293","ProcessGuid":"{c1ae1b3a-f152-6a9f-2a00-000000000700}","ProcessId":"2012","Image":"C:\\Windows\\System32\\svchost.exe","User":"NT AUTHORITY\\NETWORK SERVICE","Protocol":"udp","Initiated":"true","SourceIsIpv6":"true","SourceIp":"fe80:0:0:0:6b27:aae:878:578c","SourceHostname":"WIN-01.localdomain","SourcePort":"5353","SourcePortName":"-","DestinationIsIpv6":"true","DestinationIp":"ff02:0:0:0:0:0:0:fb","DestinationHostname":"-","DestinationPort":"5353","DestinationPortName":"-"}}
{"RecordId":54,"EventId":3,"TimeCreated":"2026-09-08T11:40:26.506Z","Channel":"Microsoft-Windows-Sysmon/Operational","Computer":"WIN-01","Provider":"Microsoft-Windows-Sysmon","EventData":{"RuleName":"-","UtcTime":"2026-09-08 11:40:24.596","ProcessGuid":"{c1ae1b3a-f14f-6a9f-eb03-000000000000}","ProcessId":"4","Image":"System","User":"NT AUTHORITY\\SYSTEM","Protocol":"udp","Initiated":"true","SourceIsIpv6":"false","SourceIp":"192.168.9.129","SourceHostname":"WIN-01.localdomain","SourcePort":"137","SourcePortName":"netbios-ns","DestinationIsIpv6":"false","DestinationIp":"192.168.9.2","DestinationHostname":"-","DestinationPort":"137","DestinationPortName":"netbios-ns"}}
{"RecordId":55,"EventId":1,"TimeCreated":"2026-09-08T11:40:28.310Z","Channel":"Microsoft-Windows-Sysmon/Operational","Computer":"WIN-01","Provider":"Microsoft-Windows-Sysmon","EventData":{"RuleName":"-","UtcTime":"2026-09-08 11:40:28.272","ProcessGuid":"{c1ae1b3a-f42c-6a9f-e201-000000000700}","ProcessId":"7964","Image":"C:\\Windows\\System32\\dllhost.exe","FileVersion":"10.0.26100.8972 (WinBuild.160101.0800)","Description":"COM Surrogate","Product":"Microsoft® Windows® Operating System","Company":"Microsoft Corporation","OriginalFileName":"dllhost.exe","CommandLine":"C:\\WINDOWS\\system32\\DllHost.exe /Processid:{AB8902B4-09CA-4BB6-B78D-A8F59079A8D5}","CurrentDirectory":"C:\\WINDOWS\\system32\\","User":"WIN-01\\labuser","LogonGuid":"{c1ae1b3a-f16e-6a9f-64a0-050000000000}","LogonId":"0x5a064","TerminalSessionId":"1","IntegrityLevel":"Medium","Hashes":"SHA256=0F65717E0217DDA26363DFCA545F150A837551EA4887FDAC711C309257A3E284","ParentProcessGuid":"{c1ae1b3a-f151-6a9f-0d00-000000000700}","ParentProcessId":"928","ParentImage":"C:\\Windows\\System32\\svchost.exe","ParentCommandLine":"C:\\WINDOWS\\system32\\svchost.exe -k DcomLaunch -p","ParentUser":"NT AUTHORITY\\SYSTEM"}}
{"RecordId":56,"EventId":3,"TimeCreated":"2026-09-08T11:40:31.411Z","Channel":"Microsoft-Windows-Sysmon/Operational","Computer":"WIN-01","Provider":"Microsoft-Windows-Sysmon","EventData":{"RuleName":"-","UtcTime":"2026-09-08 11:40:29.502","ProcessGuid":"{c1ae1b3a-f17c-6a9f-8300-000000000700}","ProcessId":"5728","Image":"C:\\Program Files (x86)\\Microsoft\\EdgeWebView\\Application\\152.0.4191.66\\msedgewebview2.exe","User":"WIN-01\\labuser","Protocol":"udp","Initiated":"true","SourceIsIpv6":"false","SourceIp":"192.168.9.129","SourceHostname":"WIN-01.localdomain","SourcePort":"65196","SourcePortName":"-","DestinationIsIpv6":"false","DestinationIp":"61.111.58.164","DestinationHostname":"61-111-58-164.kidc.net","DestinationPort":"443","DestinationPortName":"https"}}
{"RecordId":57,"EventId":3,"TimeCreated":"2026-09-08T11:40:31.411Z","Channel":"Microsoft-Windows-Sysmon/Operational","Computer":"WIN-01","Provider":"Microsoft-Windows-Sysmon","EventData":{"RuleName":"-","UtcTime":"2026-09-08 11:40:29.608","ProcessGuid":"{c1ae1b3a-f17c-6a9f-8300-000000000700}","ProcessId":"5728","Image":"C:\\Program Files (x86)\\Microsoft\\EdgeWebView\\Application\\152.0.4191.66\\msedgewebview2.exe","User":"WIN-01\\labuser","Protocol":"udp","Initiated":"true","SourceIsIpv6":"false","SourceIp":"192.168.9.129","SourceHostname":"WIN-01.localdomain","SourcePort":"65196","SourcePortName":"-","DestinationIsIpv6":"false","DestinationIp":"61.111.58.164","DestinationHostname":"61-111-58-164.kidc.net","DestinationPort":"443","DestinationPortName":"https"}}
{"RecordId":58,"EventId":3,"TimeCreated":"2026-09-08T11:40:31.411Z","Channel":"Microsoft-Windows-Sysmon/Operational","Computer":"WIN-01","Provider":"Microsoft-Windows-Sysmon","EventData":{"RuleName":"-","UtcTime":"2026-09-08 11:40:29.729","ProcessGuid":"{c1ae1b3a-f17c-6a9f-8300-000000000700}","ProcessId":"5728","Image":"C:\\Program Files (x86)\\Microsoft\\EdgeWebView\\Application\\152.0.4191.66\\msedgewebview2.exe","User":"WIN-01\\labuser","Protocol":"udp","Initiated":"false","SourceIsIpv6":"false","SourceIp":"192.168.9.129","SourceHostname":"WIN-01.localdomain","SourcePort":"65196","SourcePortName":"-","DestinationIsIpv6":"false","DestinationIp":"61.111.58.164","DestinationHostname":"61-111-58-164.kidc.net","DestinationPort":"443","DestinationPortName":"https"}}
{"RecordId":59,"EventId":3,"TimeCreated":"2026-09-08T11:40:32.697Z","Channel":"Microsoft-Windows-Sysmon/Operational","Computer":"WIN-01","Provider":"Microsoft-Windows-Sysmon","EventData":{"RuleName":"-","UtcTime":"2026-09-08 11:40:31.358","ProcessGuid":"{c1ae1b3a-f416-6a9f-d301-000000000700}","ProcessId":"6620","Image":"C:\\Windows\\System32\\WindowsPowerShell\\v1.0\\powershell.exe","User":"WIN-01\\labuser","Protocol":"tcp","Initiated":"true","SourceIsIpv6":"false","SourceIp":"127.0.0.1","SourceHostname":"WIN-01","SourcePort":"61725","SourcePortName":"-","DestinationIsIpv6":"false","DestinationIp":"127.0.0.1","DestinationHostname":"WIN-01","DestinationPort":"135","DestinationPortName":"epmap"}}
{"RecordId":60,"EventId":3,"TimeCreated":"2026-09-08T11:40:33.465Z","Channel":"Microsoft-Windows-Sysmon/Operational","Computer":"WIN-01","Provider":"Microsoft-Windows-Sysmon","EventData":{"RuleName":"-","UtcTime":"2026-09-08 11:40:31.358","ProcessGuid":"{c1ae1b3a-f151-6a9f-1000-000000000700}","ProcessId":"428","Image":"C:\\Windows\\System32\\svchost.exe","User":"NT AUTHORITY\\NETWORK SERVICE","Protocol":"tcp","Initiated":"false","SourceIsIpv6":"false","SourceIp":"127.0.0.1","SourceHostname":"WIN-01","SourcePort":"61725","SourcePortName":"-","DestinationIsIpv6":"false","DestinationIp":"127.0.0.1","DestinationHostname":"WIN-01","DestinationPort":"135","DestinationPortName":"epmap"}}
{"RecordId":61,"EventId":3,"TimeCreated":"2026-09-08T11:40:33.721Z","Channel":"Microsoft-Windows-Sysmon/Operational","Computer":"WIN-01","Provider":"Microsoft-Windows-Sysmon","EventData":{"RuleName":"-","UtcTime":"2026-09-08 11:40:31.784","ProcessGuid":"{c1ae1b3a-f416-6a9f-d301-000000000700}","ProcessId":"6620","Image":"C:\\Windows\\System32\\WindowsPowerShell\\v1.0\\powershell.exe","User":"WIN-01\\labuser","Protocol":"tcp","Initiated":"true","SourceIsIpv6":"false","SourceIp":"192.168.9.129","SourceHostname":"WIN-01.localdomain","SourcePort":"61726","SourcePortName":"-","DestinationIsIpv6":"false","DestinationIp":"1.1.1.1","DestinationHostname":"one.one.one.one","DestinationPort":"443","DestinationPortName":"https"}}
